<?xml version="1.0" encoding="UTF-8"?>
<!-- Generated by org.testng.reporters.JUnitReportReporter -->
<testsuite hostname="DESKTOP-USF3MNQ" failures="0" tests="2" name="testNGRunner.testNGTestRunner" time="10.987" errors="0" timestamp="2025-11-18T10:32:29 IST" skipped="0">
  <testcase classname="testNGRunner.testNGTestRunner" name="runScenario" time="8.025"/>
  <testcase classname="testNGRunner.testNGTestRunner" name="runScenario" time="2.962"/>
</testsuite> <!-- testNGRunner.testNGTestRunner -->
